<?xml version="1.0"?>
<!DOCTYPE coverage SYSTEM "http://cobertura.sourceforge.net/xml/coverage-04.dtd">

<coverage line-rate="1.0" branch-rate="1.0" lines-covered="20" lines-valid="20" branches-covered="6" branches-valid="6" complexity="1.75" version="2.0.3" timestamp="1456429665290">
	<sources>
		<source>--source</source>
		<source>C:/Users/Gayathri/workspace/rootprogram/src/main/java</source>
	</sources>
	<packages>
		<package name="rootprogram" line-rate="1.0" branch-rate="1.0" complexity="1.75">
			<classes>
				<class name="rootprogram.Roots" filename="rootprogram/Roots.java" line-rate="1.0" branch-rate="1.0" complexity="1.75">
					<methods>
						<method name="&lt;init&gt;" signature="(DDD)V" line-rate="1.0" branch-rate="1.0">
							<lines>
								<line number="7" hits="41" branch="false"/>
								<line number="12" hits="41" branch="false"/>
								<line number="13" hits="41" branch="true" condition-coverage="100% (4/4)">
									<conditions>
										<condition number="0" type="jump" coverage="100%"/>
										<condition number="1" type="jump" coverage="100%"/>
									</conditions>
								</line>
								<line number="15" hits="13" branch="false"/>
								<line number="16" hits="13" branch="false"/>
								<line number="17" hits="13" branch="false"/>
								<line number="18" hits="13" branch="false"/>
								<line number="19" hits="14" branch="true" condition-coverage="100% (2/2)">
									<conditions>
										<condition number="0" type="jump" coverage="100%"/>
									</conditions>
								</line>
								<line number="21" hits="9" branch="false"/>
								<line number="22" hits="9" branch="false"/>
								<line number="23" hits="9" branch="false"/>
								<line number="24" hits="9" branch="false"/>
								<line number="26" hits="19" branch="false"/>
								<line number="27" hits="19" branch="false"/>
								<line number="28" hits="19" branch="false"/>
								<line number="29" hits="38" branch="false"/>
								<line number="30" hits="3" branch="false"/>
							</lines>
						</method>
						<method name="first_root" signature="()D" line-rate="1.0" branch-rate="1.0">
							<lines>
								<line number="32" hits="28" branch="false"/>
							</lines>
						</method>
						<method name="num_roots" signature="()I" line-rate="1.0" branch-rate="1.0">
							<lines>
								<line number="31" hits="41" branch="false"/>
							</lines>
						</method>
						<method name="second_root" signature="()D" line-rate="1.0" branch-rate="1.0">
							<lines>
								<line number="33" hits="35" branch="false"/>
							</lines>
						</method>
					</methods>
					<lines>
						<line number="7" hits="41" branch="false"/>
						<line number="12" hits="41" branch="false"/>
						<line number="13" hits="41" branch="true" condition-coverage="100% (4/4)">
							<conditions>
								<condition number="0" type="jump" coverage="100%"/>
								<condition number="1" type="jump" coverage="100%"/>
							</conditions>
						</line>
						<line number="15" hits="13" branch="false"/>
						<line number="16" hits="13" branch="false"/>
						<line number="17" hits="13" branch="false"/>
						<line number="18" hits="13" branch="false"/>
						<line number="19" hits="14" branch="true" condition-coverage="100% (2/2)">
							<conditions>
								<condition number="0" type="jump" coverage="100%"/>
							</conditions>
						</line>
						<line number="21" hits="9" branch="false"/>
						<line number="22" hits="9" branch="false"/>
						<line number="23" hits="9" branch="false"/>
						<line number="24" hits="9" branch="false"/>
						<line number="26" hits="19" branch="false"/>
						<line number="27" hits="19" branch="false"/>
						<line number="28" hits="19" branch="false"/>
						<line number="29" hits="38" branch="false"/>
						<line number="30" hits="3" branch="false"/>
						<line number="31" hits="41" branch="false"/>
						<line number="32" hits="28" branch="false"/>
						<line number="33" hits="35" branch="false"/>
					</lines>
				</class>
			</classes>
		</package>
	</packages>
</coverage>
