<?xml version="1.0" encoding="UTF-8" ?>
<testsuite tests="10" failures="1" name="rootprogram.RootsTest" time="0.057" errors="0" skipped="0">
  <properties>
[...]
</properties>
  <testcase classname="rootprogram.RootsTest" name="test10" time="0.033"/>
  <testcase classname="rootprogram.RootsTest" name="test1" time="0.001"/>
  <testcase classname="rootprogram.RootsTest" name="test2" time="0.019"/>
  <testcase classname="rootprogram.RootsTest" name="test3" time="0.002">
    <failure message="Test3 is failing" type="java.lang.AssertionError">java.lang.AssertionError: Test3 is failing
	at org.junit.Assert.fail(Assert.java:88)
	at rootprogram.RootsTest.testdriver(RootsTest.java:25)
	at rootprogram.RootsTest.test3(RootsTest.java:49)
	at sun.reflect.NativeMethodAccessorImpl.invoke0(Native Method)
	at sun.reflect.NativeMethodAccessorImpl.invoke(NativeMethodAccessorImpl.java:62)
	at sun.reflect.DelegatingMethodAccessorImpl.invoke(DelegatingMethodAccessorImpl.java:43)
	at java.lang.reflect.Method.invoke(Method.java:483)
	at org.junit.runners.model.FrameworkMethod$1.runReflectiveCall(FrameworkMethod.java:50)
	at org.junit.internal.runners.model.ReflectiveCallable.run(ReflectiveCallable.java:12)
	at org.junit.runners.model.FrameworkMethod.invokeExplosively(FrameworkMethod.java:47)
	at org.junit.internal.runners.statements.InvokeMethod.evaluate(InvokeMethod.java:17)
	at org.junit.runners.ParentRunner.runLeaf(ParentRunner.java:325)
	at org.junit.runners.BlockJUnit4ClassRunner.runChild(BlockJUnit4ClassRunner.java:78)
	at org.junit.runners.BlockJUnit4ClassRunner.runChild(BlockJUnit4ClassRunner.java:57)
	at org.junit.runners.ParentRunner$3.run(ParentRunner.java:290)
	at org.junit.runners.ParentRunner$1.schedule(ParentRunner.java:71)
	at org.junit.runners.ParentRunner.runChildren(ParentRunner.java:288)
	at org.junit.runners.ParentRunner.access$000(ParentRunner.java:58)
	at org.junit.runners.ParentRunner$2.evaluate(ParentRunner.java:268)
	at org.junit.runners.ParentRunner.run(ParentRunner.java:363)
	at org.apache.maven.surefire.junit4.JUnit4Provider.execute(JUnit4Provider.java:252)
	at org.apache.maven.surefire.junit4.JUnit4Provider.executeTestSet(JUnit4Provider.java:141)
	at org.apache.maven.surefire.junit4.JUnit4Provider.invoke(JUnit4Provider.java:112)
	at sun.reflect.NativeMethodAccessorImpl.invoke0(Native Method)
	at sun.reflect.NativeMethodAccessorImpl.invoke(NativeMethodAccessorImpl.java:62)
	at sun.reflect.DelegatingMethodAccessorImpl.invoke(DelegatingMethodAccessorImpl.java:43)
	at java.lang.reflect.Method.invoke(Method.java:483)
	at org.apache.maven.surefire.util.ReflectionUtils.invokeMethodWithArray(ReflectionUtils.java:189)
	at org.apache.maven.surefire.booter.ProviderFactory$ProviderProxy.invoke(ProviderFactory.java:165)
	at org.apache.maven.surefire.booter.ProviderFactory.invokeProvider(ProviderFactory.java:85)
	at org.apache.maven.surefire.booter.ForkedBooter.runSuitesInProcess(ForkedBooter.java:115)
	at org.apache.maven.surefire.booter.ForkedBooter.main(ForkedBooter.java:75)
</failure>
    <system-out>There are 1 roots - NaN and NaN
</system-out>
  </testcase>
  <testcase classname="rootprogram.RootsTest" name="test4" time="0.001"/>
  <testcase classname="rootprogram.RootsTest" name="test5" time="0"/>
  <testcase classname="rootprogram.RootsTest" name="test6" time="0"/>
  <testcase classname="rootprogram.RootsTest" name="test7" time="0.001"/>
  <testcase classname="rootprogram.RootsTest" name="test8" time="0"/>
  <testcase classname="rootprogram.RootsTest" name="test9" time="0"/>
</testsuite>